<?xml version="1.0" encoding="UTF-8"?>
<!-- Generated by org.testng.reporters.JUnitReportReporter -->
<testsuite hostname="DESKTOP-3BAIA4A" failures="0" tests="2" name="typesofexecution.Demo5test" time="0.031" errors="0" timestamp="2025-09-16T23:07:50 IST" skipped="0">
  <testcase classname="typesofexecution.Demo5test" name="case7" time="0.016"/>
  <testcase classname="typesofexecution.Demo5test" name="case8" time="0.015"/>
</testsuite> <!-- typesofexecution.Demo5test -->
