<?xml version="1.0" encoding="UTF-8"?>
<!-- Generated by org.testng.reporters.JUnitReportReporter -->
<testsuite hostname="DESKTOP-3BAIA4A" failures="0" tests="2" name="testngextra.annotations.BaseClass$testscript" time="0.060" errors="0" timestamp="2025-09-28T23:42:17 IST" skipped="0">
  <testcase classname="testngextra.annotations.BaseClass$testscript" name="orgtest" time="0.022"/>
  <testcase classname="testngextra.annotations.BaseClass$testscript" name="contest" time="0.038"/>
</testsuite> <!-- testngextra.annotations.BaseClass$testscript -->
