<?xml version="1.0" encoding="UTF-8"?>
<!-- Generated by org.testng.reporters.JUnitReportReporter -->
<testsuite hostname="DESKTOP-3BAIA4A" failures="0" tests="4" name="testngextra.DemoForPriority" time="0.094" errors="0" timestamp="2025-09-16T21:40:07 IST" skipped="0">
  <testcase classname="testngextra.DemoForPriority" name="login" time="0.033"/>
  <testcase classname="testngextra.DemoForPriority" name="search" time="0.026"/>
  <testcase classname="testngextra.DemoForPriority" name="addtocart" time="0.021"/>
  <testcase classname="testngextra.DemoForPriority" name="payment" time="0.014"/>
</testsuite> <!-- testngextra.DemoForPriority -->
