<?xml version="1.0" encoding="UTF-8"?>
<!-- Generated by org.testng.reporters.JUnitReportReporter -->
<testsuite hostname="DESKTOP-3BAIA4A" failures="0" tests="1" name="typesofexecution.Demo1test" time="51.344" errors="0" timestamp="2025-09-17T00:24:21 IST" skipped="0">
  <testcase classname="typesofexecution.Demo1test" name="case1" time="51.344"/>
</testsuite> <!-- typesofexecution.Demo1test -->
