<?xml version="1.0" encoding="UTF-8"?>
<!-- Generated by org.testng.reporters.JUnitReportReporter -->
<testsuite hostname="DESKTOP-3BAIA4A" failures="0" tests="1" name="testngextra.DemoForConfiguration" time="0.034" errors="0" timestamp="2025-09-20T21:57:06 IST" skipped="0">
  <testcase classname="testngextra.DemoForConfiguration" name="createtest" time="0.034"/>
</testsuite> <!-- testngextra.DemoForConfiguration -->
