<?xml version="1.0" encoding="UTF-8"?>
<!-- Generated by org.testng.reporters.JUnitReportReporter -->
<testsuite hostname="DESKTOP-3BAIA4A" failures="0" tests="4" name="testngextra.Saucedemo" time="34.919" errors="0" timestamp="2025-09-12T23:55:11 IST" skipped="0">
  <testcase classname="testngextra.Saucedemo" name="testSauceDemo" time="6.547"/>
  <testcase classname="testngextra.Saucedemo" name="testSauceDemo" time="12.604"/>
  <testcase classname="testngextra.Saucedemo" name="testSauceDemo" time="6.013"/>
  <testcase classname="testngextra.Saucedemo" name="testSauceDemo" time="9.755"/>
</testsuite> <!-- testngextra.Saucedemo -->
