<?xml version="1.0" encoding="UTF-8"?>
<!-- Generated by org.testng.reporters.JUnitReportReporter -->
<testsuite hostname="DESKTOP-3BAIA4A" failures="0" tests="1" name="organisations.CreateOrg2" time="44.098" errors="0" timestamp="2025-09-20T22:50:01 IST" skipped="0">
  <testcase classname="organisations.CreateOrg2" name="createorg" time="44.098"/>
</testsuite> <!-- organisations.CreateOrg2 -->
