<?xml version="1.0" encoding="UTF-8"?>
<!-- Generated by org.testng.reporters.JUnitReportReporter -->
<testsuite hostname="DESKTOP-3BAIA4A" failures="0" tests="1" name="document.CreateDoc1" time="34.619" errors="0" timestamp="2025-09-28T22:42:01 IST" skipped="0">
  <testcase classname="document.CreateDoc1" name="createdoc" time="34.619"/>
</testsuite> <!-- document.CreateDoc1 -->
