<?xml version="1.0" encoding="UTF-8"?>
<!-- Generated by org.testng.reporters.JUnitReportReporter -->
<testsuite hostname="DESKTOP-3BAIA4A" failures="0" tests="4" name="testngextra.DemoForIgnoringTestCases" time="0.041" errors="0" timestamp="2025-09-16T21:35:39 IST" skipped="2">
  <testcase classname="testngextra.DemoForIgnoringTestCases" name="login" time="0.029"/>
  <testcase classname="testngextra.DemoForIgnoringTestCases" name="payment" time="0.012"/>
  <testcase classname="testngextra.DemoForIgnoringTestCases" name="search">
    <skipped/>
  </testcase> <!-- search -->
  <testcase classname="testngextra.DemoForIgnoringTestCases" name="addtocart">
    <skipped/>
  </testcase> <!-- addtocart -->
</testsuite> <!-- testngextra.DemoForIgnoringTestCases -->
