<?xml version="1.0" encoding="UTF-8"?>
<!-- Generated by org.testng.reporters.JUnitReportReporter -->
<testsuite hostname="DESKTOP-3BAIA4A" failures="0" tests="1" name="typesofexecution.Demo1test" time="27.826" errors="0" timestamp="2025-09-16T23:20:56 IST" skipped="0">
  <testcase classname="typesofexecution.Demo1test" name="case1" time="27.826"/>
</testsuite> <!-- typesofexecution.Demo1test -->
