<?xml version="1.0" encoding="UTF-8"?>
<!-- Generated by org.testng.reporters.JUnitReportReporter -->
<testsuite hostname="DESKTOP-3BAIA4A" failures="0" tests="3" name="testngextra.PriorityCity" time="0.060" errors="0" timestamp="2025-09-16T22:01:15 IST" skipped="0">
  <testcase classname="testngextra.PriorityCity" name="createcity" time="0.032"/>
  <testcase classname="testngextra.PriorityCity" name="modify" time="0.012"/>
  <testcase classname="testngextra.PriorityCity" name="deletecity" time="0.016"/>
</testsuite> <!-- testngextra.PriorityCity -->
