<?xml version="1.0" encoding="UTF-8"?>
<!-- Generated by org.testng.reporters.JUnitReportReporter -->
<testsuite hostname="DESKTOP-3BAIA4A" failures="0" tests="1" name="testngextra.Demo1" time="0.044" errors="0" timestamp="2025-09-20T21:55:56 IST" skipped="0">
  <testcase classname="testngextra.Demo1" name="testngdemo" time="0.044"/>
</testsuite> <!-- testngextra.Demo1 -->
