<?xml version="1.0" encoding="UTF-8"?>
<!-- Generated by org.testng.reporters.JUnitReportReporter -->
<testsuite hostname="DESKTOP-3BAIA4A" failures="0" tests="2" name="typesofexecution.Demo4test" time="0.081" errors="0" timestamp="2025-09-16T23:07:50 IST" skipped="0">
  <testcase classname="typesofexecution.Demo4test" name="case6" time="0.020"/>
  <testcase classname="typesofexecution.Demo4test" name="case5" time="0.061"/>
</testsuite> <!-- typesofexecution.Demo4test -->
