<?xml version="1.0" encoding="UTF-8"?>
<!-- Generated by org.testng.reporters.JUnitReportReporter -->
<testsuite hostname="DESKTOP-3BAIA4A" failures="0" tests="3" name="testngextra.FacebookLogin" time="77.140" errors="0" timestamp="2025-09-16T21:53:06 IST" skipped="0">
  <testcase classname="testngextra.FacebookLogin" name="loggintofacebook" time="25.693"/>
  <testcase classname="testngextra.FacebookLogin" name="loggintofacebook" time="25.715"/>
  <testcase classname="testngextra.FacebookLogin" name="loggintofacebook" time="25.732"/>
</testsuite> <!-- testngextra.FacebookLogin -->
