<?xml version="1.0" encoding="UTF-8"?>
<!-- Generated by org.testng.reporters.JUnitReportReporter -->
<testsuite hostname="DESKTOP-3BAIA4A" failures="0" tests="5" name="testngextra.PracticeDataProvider" time="0.112" errors="0" timestamp="2025-09-16T21:58:29 IST" skipped="0">
  <testcase classname="testngextra.PracticeDataProvider" name="case1" time="0.031"/>
  <testcase classname="testngextra.PracticeDataProvider" name="case1" time="0.020"/>
  <testcase classname="testngextra.PracticeDataProvider" name="case1" time="0.008"/>
  <testcase classname="testngextra.PracticeDataProvider" name="case1" time="0.027"/>
  <testcase classname="testngextra.PracticeDataProvider" name="case1" time="0.026"/>
</testsuite> <!-- testngextra.PracticeDataProvider -->
