<?xml version="1.0" encoding="UTF-8"?>
<!-- Generated by org.testng.reporters.JUnitReportReporter -->
<testsuite hostname="DESKTOP-3BAIA4A" failures="0" tests="1" name="advance_reports.Facebook" time="7.600" errors="0" timestamp="2025-09-28T23:33:38 IST" skipped="0">
  <testcase classname="advance_reports.Facebook" name="login" time="7.600"/>
</testsuite> <!-- advance_reports.Facebook -->
