<?xml version="1.0" encoding="UTF-8"?>
<!-- Generated by org.testng.reporters.JUnitReportReporter -->
<testsuite hostname="DESKTOP-3BAIA4A" failures="0" tests="1" name="typesofexecution.Demo2test" time="28.222" errors="0" timestamp="2025-09-16T23:20:56 IST" skipped="0">
  <testcase classname="typesofexecution.Demo2test" name="case2" time="28.222"/>
</testsuite> <!-- typesofexecution.Demo2test -->
