<?xml version="1.0" encoding="UTF-8"?>
<!-- Generated by org.testng.reporters.JUnitReportReporter -->
<testsuite hostname="DESKTOP-3BAIA4A" failures="0" tests="1" name="typesofexecution.Demo3test" time="52.113" errors="0" timestamp="2025-09-17T00:24:21 IST" skipped="0">
  <testcase classname="typesofexecution.Demo3test" name="case3" time="52.113"/>
</testsuite> <!-- typesofexecution.Demo3test -->
